[2024-07-27 23:41:42] -    DEBUG |  app logger initialized
[2024-07-27 23:41:42] -  WARNING |  "extra_whitespace_warning"	/Users/deepc/genomics-lab-dashboard/database/input-data-for-externs/rawinfo-dirs/230411/raw.info ' Completion Date'
[2024-07-27 23:41:42] -    ERROR |  "inconsistency_error"	['flowcell_id'] ('HFTVCDRX2',) completion_date 2023-04-13 95 4/13/2023 121
[2024-07-27 23:41:42] -    ERROR |  "inconsistency_error"	['flowcell_id'] ('HFTVCDRX2',) completion_date 2023-04-13 95 4/13/2023 122
[2024-07-27 23:41:42] -    ERROR |  "inconsistency_error"	['flowcell_id'] ('HFTVCDRX2',) completion_date 2023-04-13 95 4/13/2023 123
[2024-07-27 23:41:42] -    ERROR |  "inconsistency_error"	['flowcell_id'] ('HFTVCDRX2',) completion_date 2023-04-13 95 4/13/2023 124
[2024-07-27 23:41:42] -    ERROR |  "inconsistency_error"	['flowcell_id'] ('HFTVCDRX2',) completion_date 2023-04-13 95 4/13/2023 125
[2024-07-27 23:41:42] -    ERROR |  "inconsistency_error"	['flowcell_id'] ('HFTVCDRX2',) completion_date 2023-04-13 95 4/13/2023 126
[2024-07-27 23:41:42] -    ERROR |  "inconsistency_error"	['flowcell_id'] ('HFTVCDRX2',) completion_date 2023-04-13 95 4/13/2023 127
[2024-07-27 23:41:42] -    ERROR |  "inconsistency_error"	['flowcell_id'] ('HFTVCDRX2',) completion_date 2023-04-13 95 4/13/2023 128
[2024-07-27 23:41:42] -    ERROR |  "inconsistency_error"	['flowcell_id'] ('HFTVCDRX2',) completion_date 2023-04-13 95 4/13/2023 129
[2024-07-27 23:41:42] -    ERROR |  "inconsistency_error"	['flowcell_id'] ('HFTVCDRX2',) completion_date 2023-04-13 95 4/13/2023 130
[2024-07-27 23:41:42] -    ERROR |  "inconsistency_error"	['flowcell_id'] ('HFTVCDRX2',) completion_date 2023-04-13 95 4/13/2023 131
[2024-07-27 23:41:42] -    ERROR |  "inconsistency_error"	['flowcell_id'] ('HFTVCDRX2',) completion_date 2023-04-13 95 4/13/2023 132
[2024-07-27 23:41:42] -  WARNING |  "precision_warning"	['sample_id', 'flowcell_id'] ('0701237901', 'HFTVCDRX2') qpcr 5.40 95 5.4 121
[2024-07-27 23:41:42] -  WARNING |  "precision_warning"	['sample_id', 'flowcell_id'] ('0701237921', 'HFTVCDRX2') labchip_conc 37.00 97 37 123
[2024-07-27 23:41:42] -  WARNING |  "precision_warning"	['sample_id', 'flowcell_id'] ('0701237951', 'HFTVCDRX2') labchip_conc 21.30 100 21.3 126
[2024-07-27 23:41:42] -  WARNING |  "precision_warning"	['sample_id', 'flowcell_id'] ('0701237981', 'HFTVCDRX2') labchip_conc 62.30 103 62.3 129
[2024-07-27 23:41:42] -    ERROR |  error occured while parsing flowcell HFTVCDRX2
[2024-07-27 23:41:42] -  WARNING |  "extra_whitespace_warning"	/Users/deepc/genomics-lab-dashboard/database/input-data-for-externs/rawinfo-dirs/230413/raw.info ' Completion Date'
[2024-07-27 23:41:42] -  WARNING |  "precision_warning"	['sample_id', 'flowcell_id'] ('0201279241', 'HNKCVDSX5') qpcr 3.80 36 3.8 71
[2024-07-27 23:41:42] -  WARNING |  "precision_warning"	['sample_id', 'flowcell_id'] ('0201279301', 'HNKCVDSX5') qpcr 4.20 42 4.2 77
[2024-07-27 23:41:42] -  WARNING |  "precision_warning"	['sample_id', 'flowcell_id'] ('0201279351', 'HNKCVDSX5') qpcr 6.40 47 6.4 82
[2024-07-27 23:41:42] -  WARNING |  "precision_warning"	['sample_id', 'flowcell_id'] ('0201264391', 'HNKCVDSX5') qpcr 4.00 51 4 86
[2024-07-27 23:41:42] -  WARNING |  "precision_warning"	['sample_id', 'flowcell_id'] ('0201264441', 'HNKCVDSX5') qpcr 4.30 56 4.3 91
[2024-07-27 23:41:42] -  WARNING |  "precision_warning"	['sample_id', 'flowcell_id'] ('0201264451', 'HNKCVDSX5') qpcr 4.30 57 4.3 92
[2024-07-27 23:41:42] -  WARNING |  "precision_warning"	['sample_id', 'flowcell_id'] ('0201264461', 'HNKCVDSX5') qpcr 3.30 58 3.3 93
[2024-07-27 23:41:42] -  WARNING |  "precision_warning"	['sample_id', 'flowcell_id'] ('0201264471', 'HNKCVDSX5') qpcr 3.90 59 3.9 94
[2024-07-27 23:41:42] -  WARNING |  "precision_warning"	['sample_id', 'flowcell_id'] ('0201253371', 'HNKCVDSX5') qpcr 3.60 69 3.6 104
[2024-07-27 23:41:42] -  WARNING |  "precision_warning"	['sample_id', 'flowcell_id'] ('0201279241', 'HNKCVDSX5') qpcr 3.80 36 3.8 106
[2024-07-27 23:41:42] -  WARNING |  "precision_warning"	['sample_id', 'flowcell_id'] ('0201279301', 'HNKCVDSX5') qpcr 4.20 42 4.2 112
[2024-07-27 23:41:42] -  WARNING |  "precision_warning"	['sample_id', 'flowcell_id'] ('0201279351', 'HNKCVDSX5') qpcr 6.40 47 6.4 117
[2024-07-27 23:41:42] -  WARNING |  "precision_warning"	['sample_id', 'flowcell_id'] ('0201264391', 'HNKCVDSX5') qpcr 4.00 51 4 121
[2024-07-27 23:41:42] -  WARNING |  "precision_warning"	['sample_id', 'flowcell_id'] ('0201264441', 'HNKCVDSX5') qpcr 4.30 56 4.3 126
[2024-07-27 23:41:42] -  WARNING |  "precision_warning"	['sample_id', 'flowcell_id'] ('0201264451', 'HNKCVDSX5') qpcr 4.30 57 4.3 127
[2024-07-27 23:41:42] -  WARNING |  "precision_warning"	['sample_id', 'flowcell_id'] ('0201264461', 'HNKCVDSX5') qpcr 3.30 58 3.3 128
[2024-07-27 23:41:42] -  WARNING |  "precision_warning"	['sample_id', 'flowcell_id'] ('0201264471', 'HNKCVDSX5') qpcr 3.90 59 3.9 129
[2024-07-27 23:41:42] -  WARNING |  "precision_warning"	['sample_id', 'flowcell_id'] ('0201253371', 'HNKCVDSX5') qpcr 3.60 69 3.6 139
[2024-07-27 23:41:42] -  WARNING |  "precision_warning"	['sample_id', 'flowcell_id'] ('0201279241', 'HNKCVDSX5') qpcr 3.80 36 3.8 141
[2024-07-27 23:41:42] -  WARNING |  "precision_warning"	['sample_id', 'flowcell_id'] ('0201279301', 'HNKCVDSX5') qpcr 4.20 42 4.2 147
[2024-07-27 23:41:42] -  WARNING |  "precision_warning"	['sample_id', 'flowcell_id'] ('0201279351', 'HNKCVDSX5') qpcr 6.40 47 6.4 152
[2024-07-27 23:41:42] -  WARNING |  "precision_warning"	['sample_id', 'flowcell_id'] ('0201264391', 'HNKCVDSX5') qpcr 4.00 51 4 156
[2024-07-27 23:41:42] -  WARNING |  "precision_warning"	['sample_id', 'flowcell_id'] ('0201264441', 'HNKCVDSX5') qpcr 4.30 56 4.3 161
[2024-07-27 23:41:42] -  WARNING |  "precision_warning"	['sample_id', 'flowcell_id'] ('0201264451', 'HNKCVDSX5') qpcr 4.30 57 4.3 162
[2024-07-27 23:41:42] -  WARNING |  "precision_warning"	['sample_id', 'flowcell_id'] ('0201264461', 'HNKCVDSX5') qpcr 3.30 58 3.3 163
[2024-07-27 23:41:42] -  WARNING |  "precision_warning"	['sample_id', 'flowcell_id'] ('0201264471', 'HNKCVDSX5') qpcr 3.90 59 3.9 164
[2024-07-27 23:41:42] -  WARNING |  "precision_warning"	['sample_id', 'flowcell_id'] ('0201253371', 'HNKCVDSX5') qpcr 3.60 69 3.6 174
[2024-07-27 23:41:42] -    ERROR |  sample_id 0201279231 key was not found in /Users/deepc/genomics-lab-dashboard/database/input-data-for-externs/flowcell-qc-reports/HNKCVDSX5/HNKCVDSX5_data/multiqc_data.json
[2024-07-27 23:41:42] -    ERROR |  sample_id 0201279241 key was not found in /Users/deepc/genomics-lab-dashboard/database/input-data-for-externs/flowcell-qc-reports/HNKCVDSX5/HNKCVDSX5_data/multiqc_data.json
[2024-07-27 23:41:42] -    ERROR |  sample_id 0201279251 key was not found in /Users/deepc/genomics-lab-dashboard/database/input-data-for-externs/flowcell-qc-reports/HNKCVDSX5/HNKCVDSX5_data/multiqc_data.json
[2024-07-27 23:41:42] -    ERROR |  sample_id 0201279261 key was not found in /Users/deepc/genomics-lab-dashboard/database/input-data-for-externs/flowcell-qc-reports/HNKCVDSX5/HNKCVDSX5_data/multiqc_data.json
[2024-07-27 23:41:42] -    ERROR |  sample_id 0201279271 key was not found in /Users/deepc/genomics-lab-dashboard/database/input-data-for-externs/flowcell-qc-reports/HNKCVDSX5/HNKCVDSX5_data/multiqc_data.json
[2024-07-27 23:41:42] -    ERROR |  sample_id 0201279281 key was not found in /Users/deepc/genomics-lab-dashboard/database/input-data-for-externs/flowcell-qc-reports/HNKCVDSX5/HNKCVDSX5_data/multiqc_data.json
[2024-07-27 23:41:42] -    ERROR |  sample_id 0201279291 key was not found in /Users/deepc/genomics-lab-dashboard/database/input-data-for-externs/flowcell-qc-reports/HNKCVDSX5/HNKCVDSX5_data/multiqc_data.json
[2024-07-27 23:41:42] -    ERROR |  sample_id 0201279301 key was not found in /Users/deepc/genomics-lab-dashboard/database/input-data-for-externs/flowcell-qc-reports/HNKCVDSX5/HNKCVDSX5_data/multiqc_data.json
[2024-07-27 23:41:42] -    ERROR |  sample_id 0201279311 key was not found in /Users/deepc/genomics-lab-dashboard/database/input-data-for-externs/flowcell-qc-reports/HNKCVDSX5/HNKCVDSX5_data/multiqc_data.json
[2024-07-27 23:41:42] -    ERROR |  sample_id 0201279321 key was not found in /Users/deepc/genomics-lab-dashboard/database/input-data-for-externs/flowcell-qc-reports/HNKCVDSX5/HNKCVDSX5_data/multiqc_data.json
[2024-07-27 23:41:42] -    ERROR |  sample_id 0201279331 key was not found in /Users/deepc/genomics-lab-dashboard/database/input-data-for-externs/flowcell-qc-reports/HNKCVDSX5/HNKCVDSX5_data/multiqc_data.json
[2024-07-27 23:41:42] -    ERROR |  sample_id 0201279341 key was not found in /Users/deepc/genomics-lab-dashboard/database/input-data-for-externs/flowcell-qc-reports/HNKCVDSX5/HNKCVDSX5_data/multiqc_data.json
[2024-07-27 23:41:42] -    ERROR |  sample_id 0201279351 key was not found in /Users/deepc/genomics-lab-dashboard/database/input-data-for-externs/flowcell-qc-reports/HNKCVDSX5/HNKCVDSX5_data/multiqc_data.json
[2024-07-27 23:41:42] -    ERROR |  sample_id 0201279361 key was not found in /Users/deepc/genomics-lab-dashboard/database/input-data-for-externs/flowcell-qc-reports/HNKCVDSX5/HNKCVDSX5_data/multiqc_data.json
[2024-07-27 23:41:42] -    ERROR |  sample_id 0201279371 key was not found in /Users/deepc/genomics-lab-dashboard/database/input-data-for-externs/flowcell-qc-reports/HNKCVDSX5/HNKCVDSX5_data/multiqc_data.json
[2024-07-27 23:41:42] -    ERROR |  sample_id 0201264381 key was not found in /Users/deepc/genomics-lab-dashboard/database/input-data-for-externs/flowcell-qc-reports/HNKCVDSX5/HNKCVDSX5_data/multiqc_data.json
[2024-07-27 23:41:42] -    ERROR |  sample_id 0201264391 key was not found in /Users/deepc/genomics-lab-dashboard/database/input-data-for-externs/flowcell-qc-reports/HNKCVDSX5/HNKCVDSX5_data/multiqc_data.json
[2024-07-27 23:41:42] -    ERROR |  sample_id 0201264401 key was not found in /Users/deepc/genomics-lab-dashboard/database/input-data-for-externs/flowcell-qc-reports/HNKCVDSX5/HNKCVDSX5_data/multiqc_data.json
[2024-07-27 23:41:42] -    ERROR |  sample_id 0201264411 key was not found in /Users/deepc/genomics-lab-dashboard/database/input-data-for-externs/flowcell-qc-reports/HNKCVDSX5/HNKCVDSX5_data/multiqc_data.json
[2024-07-27 23:41:42] -    ERROR |  sample_id 0201264421 key was not found in /Users/deepc/genomics-lab-dashboard/database/input-data-for-externs/flowcell-qc-reports/HNKCVDSX5/HNKCVDSX5_data/multiqc_data.json
[2024-07-27 23:41:42] -    ERROR |  sample_id 0201264431 key was not found in /Users/deepc/genomics-lab-dashboard/database/input-data-for-externs/flowcell-qc-reports/HNKCVDSX5/HNKCVDSX5_data/multiqc_data.json
[2024-07-27 23:41:42] -    ERROR |  sample_id 0201264441 key was not found in /Users/deepc/genomics-lab-dashboard/database/input-data-for-externs/flowcell-qc-reports/HNKCVDSX5/HNKCVDSX5_data/multiqc_data.json
[2024-07-27 23:41:42] -    ERROR |  sample_id 0201264451 key was not found in /Users/deepc/genomics-lab-dashboard/database/input-data-for-externs/flowcell-qc-reports/HNKCVDSX5/HNKCVDSX5_data/multiqc_data.json
[2024-07-27 23:41:42] -    ERROR |  sample_id 0201264461 key was not found in /Users/deepc/genomics-lab-dashboard/database/input-data-for-externs/flowcell-qc-reports/HNKCVDSX5/HNKCVDSX5_data/multiqc_data.json
[2024-07-27 23:41:42] -    ERROR |  sample_id 0201264471 key was not found in /Users/deepc/genomics-lab-dashboard/database/input-data-for-externs/flowcell-qc-reports/HNKCVDSX5/HNKCVDSX5_data/multiqc_data.json
[2024-07-27 23:41:42] -    ERROR |  sample_id 0201264481 key was not found in /Users/deepc/genomics-lab-dashboard/database/input-data-for-externs/flowcell-qc-reports/HNKCVDSX5/HNKCVDSX5_data/multiqc_data.json
[2024-07-27 23:41:42] -    ERROR |  sample_id 0201264491 key was not found in /Users/deepc/genomics-lab-dashboard/database/input-data-for-externs/flowcell-qc-reports/HNKCVDSX5/HNKCVDSX5_data/multiqc_data.json
[2024-07-27 23:41:42] -    ERROR |  sample_id 0201264501 key was not found in /Users/deepc/genomics-lab-dashboard/database/input-data-for-externs/flowcell-qc-reports/HNKCVDSX5/HNKCVDSX5_data/multiqc_data.json
[2024-07-27 23:41:42] -    ERROR |  sample_id 0201229091 key was not found in /Users/deepc/genomics-lab-dashboard/database/input-data-for-externs/flowcell-qc-reports/HNKCVDSX5/HNKCVDSX5_data/multiqc_data.json
[2024-07-27 23:41:42] -    ERROR |  sample_id 0201229191 key was not found in /Users/deepc/genomics-lab-dashboard/database/input-data-for-externs/flowcell-qc-reports/HNKCVDSX5/HNKCVDSX5_data/multiqc_data.json
[2024-07-27 23:41:42] -    ERROR |  sample_id 0201229291 key was not found in /Users/deepc/genomics-lab-dashboard/database/input-data-for-externs/flowcell-qc-reports/HNKCVDSX5/HNKCVDSX5_data/multiqc_data.json
[2024-07-27 23:41:42] -    ERROR |  sample_id 0201229391 key was not found in /Users/deepc/genomics-lab-dashboard/database/input-data-for-externs/flowcell-qc-reports/HNKCVDSX5/HNKCVDSX5_data/multiqc_data.json
[2024-07-27 23:41:42] -    ERROR |  sample_id 0201238611 key was not found in /Users/deepc/genomics-lab-dashboard/database/input-data-for-externs/flowcell-qc-reports/HNKCVDSX5/HNKCVDSX5_data/multiqc_data.json
[2024-07-27 23:41:42] -    ERROR |  sample_id 0201253361 key was not found in /Users/deepc/genomics-lab-dashboard/database/input-data-for-externs/flowcell-qc-reports/HNKCVDSX5/HNKCVDSX5_data/multiqc_data.json
[2024-07-27 23:41:42] -    ERROR |  sample_id 0201253371 key was not found in /Users/deepc/genomics-lab-dashboard/database/input-data-for-externs/flowcell-qc-reports/HNKCVDSX5/HNKCVDSX5_data/multiqc_data.json
[2024-07-27 23:41:42] -    ERROR |  error occured while parsing flowcell HNKCVDSX5
[2024-07-27 23:41:42] -  WARNING |  "extra_whitespace_warning"	/Users/deepc/genomics-lab-dashboard/database/input-data-for-externs/rawinfo-dirs/230411/raw.info ' Completion Date'
[2024-07-27 23:41:42] -    ERROR |  "inconsistency_error"	['flowcell_id'] ('HNHMYDSX5',) completion_date 2023-04-13 0 4/13/2023 107
[2024-07-27 23:41:42] -    ERROR |  "inconsistency_error"	['flowcell_id'] ('HNHMYDSX5',) completion_date 2023-04-13 0 4/13/2023 108
[2024-07-27 23:41:42] -    ERROR |  "inconsistency_error"	['flowcell_id'] ('HNHMYDSX5',) completion_date 2023-04-13 0 4/13/2023 109
[2024-07-27 23:41:42] -    ERROR |  "inconsistency_error"	['flowcell_id'] ('HNHMYDSX5',) completion_date 2023-04-13 0 4/13/2023 110
[2024-07-27 23:41:42] -    ERROR |  "inconsistency_error"	['flowcell_id'] ('HNHMYDSX5',) completion_date 2023-04-13 0 4/13/2023 111
[2024-07-27 23:41:42] -    ERROR |  "inconsistency_error"	['flowcell_id'] ('HNHMYDSX5',) completion_date 2023-04-13 0 4/13/2023 112
[2024-07-27 23:41:42] -    ERROR |  "inconsistency_error"	['flowcell_id'] ('HNHMYDSX5',) completion_date 2023-04-13 0 4/13/2023 113
[2024-07-27 23:41:42] -    ERROR |  "inconsistency_error"	['flowcell_id'] ('HNHMYDSX5',) completion_date 2023-04-13 0 4/13/2023 114
[2024-07-27 23:41:42] -    ERROR |  "inconsistency_error"	['flowcell_id'] ('HNHMYDSX5',) completion_date 2023-04-13 0 4/13/2023 115
[2024-07-27 23:41:42] -    ERROR |  "inconsistency_error"	['flowcell_id'] ('HNHMYDSX5',) completion_date 2023-04-13 0 4/13/2023 116
[2024-07-27 23:41:42] -    ERROR |  "inconsistency_error"	['flowcell_id'] ('HNHMYDSX5',) completion_date 2023-04-13 0 4/13/2023 117
[2024-07-27 23:41:42] -    ERROR |  "inconsistency_error"	['flowcell_id'] ('HNHMYDSX5',) completion_date 2023-04-13 0 4/13/2023 118
[2024-07-27 23:41:42] -    ERROR |  "inconsistency_error"	['flowcell_id'] ('HNHMYDSX5',) completion_date 2023-04-13 0 4/13/2023 119
[2024-07-27 23:41:42] -    ERROR |  "inconsistency_error"	['flowcell_id'] ('HNHMYDSX5',) completion_date 2023-04-13 0 4/13/2023 120
[2024-07-27 23:41:42] -    ERROR |  sample_id 0201280071 key was not found in /Users/deepc/genomics-lab-dashboard/database/input-data-for-externs/flowcell-qc-reports/HNHMYDSX5/HNHMYDSX5_data/multiqc_data.json
[2024-07-27 23:41:42] -    ERROR |  sample_id 0201280081 key was not found in /Users/deepc/genomics-lab-dashboard/database/input-data-for-externs/flowcell-qc-reports/HNHMYDSX5/HNHMYDSX5_data/multiqc_data.json
[2024-07-27 23:41:42] -    ERROR |  sample_id 0201280091 key was not found in /Users/deepc/genomics-lab-dashboard/database/input-data-for-externs/flowcell-qc-reports/HNHMYDSX5/HNHMYDSX5_data/multiqc_data.json
[2024-07-27 23:41:42] -    ERROR |  sample_id 0201280101 key was not found in /Users/deepc/genomics-lab-dashboard/database/input-data-for-externs/flowcell-qc-reports/HNHMYDSX5/HNHMYDSX5_data/multiqc_data.json
[2024-07-27 23:41:42] -    ERROR |  sample_id 0201280111 key was not found in /Users/deepc/genomics-lab-dashboard/database/input-data-for-externs/flowcell-qc-reports/HNHMYDSX5/HNHMYDSX5_data/multiqc_data.json
[2024-07-27 23:41:42] -    ERROR |  sample_id 0201280121 key was not found in /Users/deepc/genomics-lab-dashboard/database/input-data-for-externs/flowcell-qc-reports/HNHMYDSX5/HNHMYDSX5_data/multiqc_data.json
[2024-07-27 23:41:42] -    ERROR |  sample_id 0201280131 key was not found in /Users/deepc/genomics-lab-dashboard/database/input-data-for-externs/flowcell-qc-reports/HNHMYDSX5/HNHMYDSX5_data/multiqc_data.json
[2024-07-27 23:41:42] -    ERROR |  sample_id 0201280141 key was not found in /Users/deepc/genomics-lab-dashboard/database/input-data-for-externs/flowcell-qc-reports/HNHMYDSX5/HNHMYDSX5_data/multiqc_data.json
[2024-07-27 23:41:42] -    ERROR |  sample_id 0201280151 key was not found in /Users/deepc/genomics-lab-dashboard/database/input-data-for-externs/flowcell-qc-reports/HNHMYDSX5/HNHMYDSX5_data/multiqc_data.json
[2024-07-27 23:41:42] -    ERROR |  sample_id 0201280161 key was not found in /Users/deepc/genomics-lab-dashboard/database/input-data-for-externs/flowcell-qc-reports/HNHMYDSX5/HNHMYDSX5_data/multiqc_data.json
[2024-07-27 23:41:42] -    ERROR |  sample_id 0201280171 key was not found in /Users/deepc/genomics-lab-dashboard/database/input-data-for-externs/flowcell-qc-reports/HNHMYDSX5/HNHMYDSX5_data/multiqc_data.json
[2024-07-27 23:41:42] -    ERROR |  sample_id 0201280181 key was not found in /Users/deepc/genomics-lab-dashboard/database/input-data-for-externs/flowcell-qc-reports/HNHMYDSX5/HNHMYDSX5_data/multiqc_data.json
[2024-07-27 23:41:42] -    ERROR |  sample_id 0201280191 key was not found in /Users/deepc/genomics-lab-dashboard/database/input-data-for-externs/flowcell-qc-reports/HNHMYDSX5/HNHMYDSX5_data/multiqc_data.json
[2024-07-27 23:41:42] -    ERROR |  sample_id 0201280201 key was not found in /Users/deepc/genomics-lab-dashboard/database/input-data-for-externs/flowcell-qc-reports/HNHMYDSX5/HNHMYDSX5_data/multiqc_data.json
[2024-07-27 23:41:42] -    ERROR |  sample_id 0201280211 key was not found in /Users/deepc/genomics-lab-dashboard/database/input-data-for-externs/flowcell-qc-reports/HNHMYDSX5/HNHMYDSX5_data/multiqc_data.json
[2024-07-27 23:41:42] -    ERROR |  sample_id 0201280221 key was not found in /Users/deepc/genomics-lab-dashboard/database/input-data-for-externs/flowcell-qc-reports/HNHMYDSX5/HNHMYDSX5_data/multiqc_data.json
[2024-07-27 23:41:42] -    ERROR |  sample_id 0201280231 key was not found in /Users/deepc/genomics-lab-dashboard/database/input-data-for-externs/flowcell-qc-reports/HNHMYDSX5/HNHMYDSX5_data/multiqc_data.json
[2024-07-27 23:41:42] -    ERROR |  sample_id 0201280241 key was not found in /Users/deepc/genomics-lab-dashboard/database/input-data-for-externs/flowcell-qc-reports/HNHMYDSX5/HNHMYDSX5_data/multiqc_data.json
[2024-07-27 23:41:42] -    ERROR |  sample_id 0201280251 key was not found in /Users/deepc/genomics-lab-dashboard/database/input-data-for-externs/flowcell-qc-reports/HNHMYDSX5/HNHMYDSX5_data/multiqc_data.json
[2024-07-27 23:41:42] -    ERROR |  sample_id 0201280261 key was not found in /Users/deepc/genomics-lab-dashboard/database/input-data-for-externs/flowcell-qc-reports/HNHMYDSX5/HNHMYDSX5_data/multiqc_data.json
[2024-07-27 23:41:42] -    ERROR |  sample_id 0201280271 key was not found in /Users/deepc/genomics-lab-dashboard/database/input-data-for-externs/flowcell-qc-reports/HNHMYDSX5/HNHMYDSX5_data/multiqc_data.json
[2024-07-27 23:41:42] -    ERROR |  sample_id 0201280281 key was not found in /Users/deepc/genomics-lab-dashboard/database/input-data-for-externs/flowcell-qc-reports/HNHMYDSX5/HNHMYDSX5_data/multiqc_data.json
[2024-07-27 23:41:42] -    ERROR |  sample_id 0201280291 key was not found in /Users/deepc/genomics-lab-dashboard/database/input-data-for-externs/flowcell-qc-reports/HNHMYDSX5/HNHMYDSX5_data/multiqc_data.json
[2024-07-27 23:41:42] -    ERROR |  sample_id 0201280301 key was not found in /Users/deepc/genomics-lab-dashboard/database/input-data-for-externs/flowcell-qc-reports/HNHMYDSX5/HNHMYDSX5_data/multiqc_data.json
[2024-07-27 23:41:42] -    ERROR |  sample_id 0201264561 key was not found in /Users/deepc/genomics-lab-dashboard/database/input-data-for-externs/flowcell-qc-reports/HNHMYDSX5/HNHMYDSX5_data/multiqc_data.json
[2024-07-27 23:41:42] -    ERROR |  sample_id 0201264571 key was not found in /Users/deepc/genomics-lab-dashboard/database/input-data-for-externs/flowcell-qc-reports/HNHMYDSX5/HNHMYDSX5_data/multiqc_data.json
[2024-07-27 23:41:42] -    ERROR |  sample_id 0201264581 key was not found in /Users/deepc/genomics-lab-dashboard/database/input-data-for-externs/flowcell-qc-reports/HNHMYDSX5/HNHMYDSX5_data/multiqc_data.json
[2024-07-27 23:41:42] -    ERROR |  sample_id 0201264591 key was not found in /Users/deepc/genomics-lab-dashboard/database/input-data-for-externs/flowcell-qc-reports/HNHMYDSX5/HNHMYDSX5_data/multiqc_data.json
[2024-07-27 23:41:42] -    ERROR |  sample_id 0201264601 key was not found in /Users/deepc/genomics-lab-dashboard/database/input-data-for-externs/flowcell-qc-reports/HNHMYDSX5/HNHMYDSX5_data/multiqc_data.json
[2024-07-27 23:41:42] -    ERROR |  sample_id 0201264611 key was not found in /Users/deepc/genomics-lab-dashboard/database/input-data-for-externs/flowcell-qc-reports/HNHMYDSX5/HNHMYDSX5_data/multiqc_data.json
[2024-07-27 23:41:42] -    ERROR |  sample_id 0201264621 key was not found in /Users/deepc/genomics-lab-dashboard/database/input-data-for-externs/flowcell-qc-reports/HNHMYDSX5/HNHMYDSX5_data/multiqc_data.json
[2024-07-27 23:41:42] -    ERROR |  sample_id 0201264631 key was not found in /Users/deepc/genomics-lab-dashboard/database/input-data-for-externs/flowcell-qc-reports/HNHMYDSX5/HNHMYDSX5_data/multiqc_data.json
[2024-07-27 23:41:42] -    ERROR |  sample_id 0201264641 key was not found in /Users/deepc/genomics-lab-dashboard/database/input-data-for-externs/flowcell-qc-reports/HNHMYDSX5/HNHMYDSX5_data/multiqc_data.json
[2024-07-27 23:41:42] -    ERROR |  sample_id 0201264651 key was not found in /Users/deepc/genomics-lab-dashboard/database/input-data-for-externs/flowcell-qc-reports/HNHMYDSX5/HNHMYDSX5_data/multiqc_data.json
[2024-07-27 23:41:42] -    ERROR |  sample_id 0201264661 key was not found in /Users/deepc/genomics-lab-dashboard/database/input-data-for-externs/flowcell-qc-reports/HNHMYDSX5/HNHMYDSX5_data/multiqc_data.json
[2024-07-27 23:41:42] -    ERROR |  sample_id 0201264671 key was not found in /Users/deepc/genomics-lab-dashboard/database/input-data-for-externs/flowcell-qc-reports/HNHMYDSX5/HNHMYDSX5_data/multiqc_data.json
[2024-07-27 23:41:42] -    ERROR |  sample_id 0201264681 key was not found in /Users/deepc/genomics-lab-dashboard/database/input-data-for-externs/flowcell-qc-reports/HNHMYDSX5/HNHMYDSX5_data/multiqc_data.json
[2024-07-27 23:41:42] -    ERROR |  sample_id 0201264691 key was not found in /Users/deepc/genomics-lab-dashboard/database/input-data-for-externs/flowcell-qc-reports/HNHMYDSX5/HNHMYDSX5_data/multiqc_data.json
[2024-07-27 23:41:42] -    ERROR |  sample_id 0701278211 key was not found in /Users/deepc/genomics-lab-dashboard/database/input-data-for-externs/flowcell-qc-reports/HNHMYDSX5/HNHMYDSX5_data/multiqc_data.json
[2024-07-27 23:41:42] -    ERROR |  sample_id 0701278221 key was not found in /Users/deepc/genomics-lab-dashboard/database/input-data-for-externs/flowcell-qc-reports/HNHMYDSX5/HNHMYDSX5_data/multiqc_data.json
[2024-07-27 23:41:42] -    ERROR |  sample_id 0701278231 key was not found in /Users/deepc/genomics-lab-dashboard/database/input-data-for-externs/flowcell-qc-reports/HNHMYDSX5/HNHMYDSX5_data/multiqc_data.json
[2024-07-27 23:41:42] -    ERROR |  sample_id 0701278241 key was not found in /Users/deepc/genomics-lab-dashboard/database/input-data-for-externs/flowcell-qc-reports/HNHMYDSX5/HNHMYDSX5_data/multiqc_data.json
[2024-07-27 23:41:42] -    ERROR |  sample_id 0701278251 key was not found in /Users/deepc/genomics-lab-dashboard/database/input-data-for-externs/flowcell-qc-reports/HNHMYDSX5/HNHMYDSX5_data/multiqc_data.json
[2024-07-27 23:41:42] -    ERROR |  sample_id 0701278261 key was not found in /Users/deepc/genomics-lab-dashboard/database/input-data-for-externs/flowcell-qc-reports/HNHMYDSX5/HNHMYDSX5_data/multiqc_data.json
[2024-07-27 23:41:42] -    ERROR |  sample_id 0701278271 key was not found in /Users/deepc/genomics-lab-dashboard/database/input-data-for-externs/flowcell-qc-reports/HNHMYDSX5/HNHMYDSX5_data/multiqc_data.json
[2024-07-27 23:41:42] -    ERROR |  sample_id 0701278281 key was not found in /Users/deepc/genomics-lab-dashboard/database/input-data-for-externs/flowcell-qc-reports/HNHMYDSX5/HNHMYDSX5_data/multiqc_data.json
[2024-07-27 23:41:42] -    ERROR |  sample_id 0701278291 key was not found in /Users/deepc/genomics-lab-dashboard/database/input-data-for-externs/flowcell-qc-reports/HNHMYDSX5/HNHMYDSX5_data/multiqc_data.json
[2024-07-27 23:41:42] -    ERROR |  sample_id 0701278301 key was not found in /Users/deepc/genomics-lab-dashboard/database/input-data-for-externs/flowcell-qc-reports/HNHMYDSX5/HNHMYDSX5_data/multiqc_data.json
[2024-07-27 23:41:42] -    ERROR |  sample_id 0701278311 key was not found in /Users/deepc/genomics-lab-dashboard/database/input-data-for-externs/flowcell-qc-reports/HNHMYDSX5/HNHMYDSX5_data/multiqc_data.json
[2024-07-27 23:41:42] -    ERROR |  sample_id 0701278321 key was not found in /Users/deepc/genomics-lab-dashboard/database/input-data-for-externs/flowcell-qc-reports/HNHMYDSX5/HNHMYDSX5_data/multiqc_data.json
[2024-07-27 23:41:42] -    ERROR |  sample_id 0701278331 key was not found in /Users/deepc/genomics-lab-dashboard/database/input-data-for-externs/flowcell-qc-reports/HNHMYDSX5/HNHMYDSX5_data/multiqc_data.json
[2024-07-27 23:41:42] -    ERROR |  sample_id 0701278341 key was not found in /Users/deepc/genomics-lab-dashboard/database/input-data-for-externs/flowcell-qc-reports/HNHMYDSX5/HNHMYDSX5_data/multiqc_data.json
[2024-07-27 23:41:42] -    ERROR |  sample_id 0701278351 key was not found in /Users/deepc/genomics-lab-dashboard/database/input-data-for-externs/flowcell-qc-reports/HNHMYDSX5/HNHMYDSX5_data/multiqc_data.json
[2024-07-27 23:41:42] -    ERROR |  sample_id 0701278361 key was not found in /Users/deepc/genomics-lab-dashboard/database/input-data-for-externs/flowcell-qc-reports/HNHMYDSX5/HNHMYDSX5_data/multiqc_data.json
[2024-07-27 23:41:42] -    ERROR |  sample_id 0701278371 key was not found in /Users/deepc/genomics-lab-dashboard/database/input-data-for-externs/flowcell-qc-reports/HNHMYDSX5/HNHMYDSX5_data/multiqc_data.json
[2024-07-27 23:41:42] -    ERROR |  sample_id 0701278381 key was not found in /Users/deepc/genomics-lab-dashboard/database/input-data-for-externs/flowcell-qc-reports/HNHMYDSX5/HNHMYDSX5_data/multiqc_data.json
[2024-07-27 23:41:42] -    ERROR |  sample_id 0701278391 key was not found in /Users/deepc/genomics-lab-dashboard/database/input-data-for-externs/flowcell-qc-reports/HNHMYDSX5/HNHMYDSX5_data/multiqc_data.json
[2024-07-27 23:41:42] -    ERROR |  sample_id 0701278401 key was not found in /Users/deepc/genomics-lab-dashboard/database/input-data-for-externs/flowcell-qc-reports/HNHMYDSX5/HNHMYDSX5_data/multiqc_data.json
[2024-07-27 23:41:42] -    ERROR |  sample_id 0701278411 key was not found in /Users/deepc/genomics-lab-dashboard/database/input-data-for-externs/flowcell-qc-reports/HNHMYDSX5/HNHMYDSX5_data/multiqc_data.json
[2024-07-27 23:41:42] -    ERROR |  sample_id 0701278421 key was not found in /Users/deepc/genomics-lab-dashboard/database/input-data-for-externs/flowcell-qc-reports/HNHMYDSX5/HNHMYDSX5_data/multiqc_data.json
[2024-07-27 23:41:42] -    ERROR |  sample_id 0701278431 key was not found in /Users/deepc/genomics-lab-dashboard/database/input-data-for-externs/flowcell-qc-reports/HNHMYDSX5/HNHMYDSX5_data/multiqc_data.json
[2024-07-27 23:41:42] -    ERROR |  sample_id 0701278441 key was not found in /Users/deepc/genomics-lab-dashboard/database/input-data-for-externs/flowcell-qc-reports/HNHMYDSX5/HNHMYDSX5_data/multiqc_data.json
[2024-07-27 23:41:42] -    ERROR |  sample_id 0701278451 key was not found in /Users/deepc/genomics-lab-dashboard/database/input-data-for-externs/flowcell-qc-reports/HNHMYDSX5/HNHMYDSX5_data/multiqc_data.json
[2024-07-27 23:41:42] -    ERROR |  sample_id 0701278461 key was not found in /Users/deepc/genomics-lab-dashboard/database/input-data-for-externs/flowcell-qc-reports/HNHMYDSX5/HNHMYDSX5_data/multiqc_data.json
[2024-07-27 23:41:42] -    ERROR |  sample_id 0701278471 key was not found in /Users/deepc/genomics-lab-dashboard/database/input-data-for-externs/flowcell-qc-reports/HNHMYDSX5/HNHMYDSX5_data/multiqc_data.json
[2024-07-27 23:41:42] -    ERROR |  sample_id 0701278481 key was not found in /Users/deepc/genomics-lab-dashboard/database/input-data-for-externs/flowcell-qc-reports/HNHMYDSX5/HNHMYDSX5_data/multiqc_data.json
[2024-07-27 23:41:42] -    ERROR |  sample_id 0701278491 key was not found in /Users/deepc/genomics-lab-dashboard/database/input-data-for-externs/flowcell-qc-reports/HNHMYDSX5/HNHMYDSX5_data/multiqc_data.json
[2024-07-27 23:41:42] -    ERROR |  sample_id 0701278501 key was not found in /Users/deepc/genomics-lab-dashboard/database/input-data-for-externs/flowcell-qc-reports/HNHMYDSX5/HNHMYDSX5_data/multiqc_data.json
[2024-07-27 23:41:42] -    ERROR |  sample_id 0701278511 key was not found in /Users/deepc/genomics-lab-dashboard/database/input-data-for-externs/flowcell-qc-reports/HNHMYDSX5/HNHMYDSX5_data/multiqc_data.json
[2024-07-27 23:41:42] -    ERROR |  sample_id 0701278521 key was not found in /Users/deepc/genomics-lab-dashboard/database/input-data-for-externs/flowcell-qc-reports/HNHMYDSX5/HNHMYDSX5_data/multiqc_data.json
[2024-07-27 23:41:42] -    ERROR |  sample_id 0701278531 key was not found in /Users/deepc/genomics-lab-dashboard/database/input-data-for-externs/flowcell-qc-reports/HNHMYDSX5/HNHMYDSX5_data/multiqc_data.json
[2024-07-27 23:41:42] -    ERROR |  sample_id 0701278541 key was not found in /Users/deepc/genomics-lab-dashboard/database/input-data-for-externs/flowcell-qc-reports/HNHMYDSX5/HNHMYDSX5_data/multiqc_data.json
[2024-07-27 23:41:42] -    ERROR |  sample_id 0701278551 key was not found in /Users/deepc/genomics-lab-dashboard/database/input-data-for-externs/flowcell-qc-reports/HNHMYDSX5/HNHMYDSX5_data/multiqc_data.json
[2024-07-27 23:41:42] -    ERROR |  sample_id 0701278561 key was not found in /Users/deepc/genomics-lab-dashboard/database/input-data-for-externs/flowcell-qc-reports/HNHMYDSX5/HNHMYDSX5_data/multiqc_data.json
[2024-07-27 23:41:42] -    ERROR |  sample_id 0701278571 key was not found in /Users/deepc/genomics-lab-dashboard/database/input-data-for-externs/flowcell-qc-reports/HNHMYDSX5/HNHMYDSX5_data/multiqc_data.json
[2024-07-27 23:41:42] -    ERROR |  sample_id 0701278581 key was not found in /Users/deepc/genomics-lab-dashboard/database/input-data-for-externs/flowcell-qc-reports/HNHMYDSX5/HNHMYDSX5_data/multiqc_data.json
[2024-07-27 23:41:42] -    ERROR |  sample_id 0701278591 key was not found in /Users/deepc/genomics-lab-dashboard/database/input-data-for-externs/flowcell-qc-reports/HNHMYDSX5/HNHMYDSX5_data/multiqc_data.json
[2024-07-27 23:41:42] -    ERROR |  sample_id 0701278601 key was not found in /Users/deepc/genomics-lab-dashboard/database/input-data-for-externs/flowcell-qc-reports/HNHMYDSX5/HNHMYDSX5_data/multiqc_data.json
[2024-07-27 23:41:42] -    ERROR |  sample_id 0701278611 key was not found in /Users/deepc/genomics-lab-dashboard/database/input-data-for-externs/flowcell-qc-reports/HNHMYDSX5/HNHMYDSX5_data/multiqc_data.json
[2024-07-27 23:41:42] -    ERROR |  sample_id 0701278621 key was not found in /Users/deepc/genomics-lab-dashboard/database/input-data-for-externs/flowcell-qc-reports/HNHMYDSX5/HNHMYDSX5_data/multiqc_data.json
[2024-07-27 23:41:42] -    ERROR |  sample_id 0701278631 key was not found in /Users/deepc/genomics-lab-dashboard/database/input-data-for-externs/flowcell-qc-reports/HNHMYDSX5/HNHMYDSX5_data/multiqc_data.json
[2024-07-27 23:41:42] -    ERROR |  sample_id 0701278641 key was not found in /Users/deepc/genomics-lab-dashboard/database/input-data-for-externs/flowcell-qc-reports/HNHMYDSX5/HNHMYDSX5_data/multiqc_data.json
[2024-07-27 23:41:42] -    ERROR |  sample_id 0701278651 key was not found in /Users/deepc/genomics-lab-dashboard/database/input-data-for-externs/flowcell-qc-reports/HNHMYDSX5/HNHMYDSX5_data/multiqc_data.json
[2024-07-27 23:41:42] -    ERROR |  sample_id 0701279381 key was not found in /Users/deepc/genomics-lab-dashboard/database/input-data-for-externs/flowcell-qc-reports/HNHMYDSX5/HNHMYDSX5_data/multiqc_data.json
[2024-07-27 23:41:42] -    ERROR |  sample_id 0701279391 key was not found in /Users/deepc/genomics-lab-dashboard/database/input-data-for-externs/flowcell-qc-reports/HNHMYDSX5/HNHMYDSX5_data/multiqc_data.json
[2024-07-27 23:41:42] -    ERROR |  sample_id 0701279401 key was not found in /Users/deepc/genomics-lab-dashboard/database/input-data-for-externs/flowcell-qc-reports/HNHMYDSX5/HNHMYDSX5_data/multiqc_data.json
[2024-07-27 23:41:42] -    ERROR |  sample_id 0701279411 key was not found in /Users/deepc/genomics-lab-dashboard/database/input-data-for-externs/flowcell-qc-reports/HNHMYDSX5/HNHMYDSX5_data/multiqc_data.json
[2024-07-27 23:41:42] -    ERROR |  sample_id 0701279421 key was not found in /Users/deepc/genomics-lab-dashboard/database/input-data-for-externs/flowcell-qc-reports/HNHMYDSX5/HNHMYDSX5_data/multiqc_data.json
[2024-07-27 23:41:42] -    ERROR |  sample_id 0701279431 key was not found in /Users/deepc/genomics-lab-dashboard/database/input-data-for-externs/flowcell-qc-reports/HNHMYDSX5/HNHMYDSX5_data/multiqc_data.json
[2024-07-27 23:41:42] -    ERROR |  sample_id 0701279441 key was not found in /Users/deepc/genomics-lab-dashboard/database/input-data-for-externs/flowcell-qc-reports/HNHMYDSX5/HNHMYDSX5_data/multiqc_data.json
[2024-07-27 23:41:42] -    ERROR |  sample_id 0701279451 key was not found in /Users/deepc/genomics-lab-dashboard/database/input-data-for-externs/flowcell-qc-reports/HNHMYDSX5/HNHMYDSX5_data/multiqc_data.json
[2024-07-27 23:41:42] -    ERROR |  sample_id 0701279461 key was not found in /Users/deepc/genomics-lab-dashboard/database/input-data-for-externs/flowcell-qc-reports/HNHMYDSX5/HNHMYDSX5_data/multiqc_data.json
[2024-07-27 23:41:42] -    ERROR |  sample_id 0701279471 key was not found in /Users/deepc/genomics-lab-dashboard/database/input-data-for-externs/flowcell-qc-reports/HNHMYDSX5/HNHMYDSX5_data/multiqc_data.json
[2024-07-27 23:41:42] -    ERROR |  sample_id 0701279481 key was not found in /Users/deepc/genomics-lab-dashboard/database/input-data-for-externs/flowcell-qc-reports/HNHMYDSX5/HNHMYDSX5_data/multiqc_data.json
[2024-07-27 23:41:42] -    ERROR |  sample_id 0701279491 key was not found in /Users/deepc/genomics-lab-dashboard/database/input-data-for-externs/flowcell-qc-reports/HNHMYDSX5/HNHMYDSX5_data/multiqc_data.json
[2024-07-27 23:41:42] -    ERROR |  error occured while parsing flowcell HNHMYDSX5
